The system is: Darwin - 15.2.0 - x86_64
Compiling the C compiler identification source file "CMakeCCompilerId.c" succeeded.
Compiler: /Applications/Xcode.app/Contents/Developer/Toolchains/OSX10.11.xctoolchain/usr/bin/cc 
Build flags: 
Id flags: 

The output was:
0


Compilation of the C compiler identification source "CMakeCCompilerId.c" produced "a.out"

The C compiler identification is AppleClang, found in "/Users/chen/Downloads/cs488/shared/glfw-3.1.1/build/CMakeFiles/3.4.1/CompilerIdC/a.out"

Determining if the C compiler works passed with the following output:
Change Dir: /Users/chen/Downloads/cs488/shared/glfw-3.1.1/build/CMakeFiles/CMakeTmp

Run Build Command:"/usr/bin/make" "cmTC_8955b/fast"
/Applications/Xcode.app/Contents/Developer/usr/bin/make -f CMakeFiles/cmTC_8955b.dir/build.make CMakeFiles/cmTC_8955b.dir/build
Building C object CMakeFiles/cmTC_8955b.dir/testCCompiler.c.o
/Applications/Xcode.app/Contents/Developer/Toolchains/OSX10.11.xctoolchain/usr/bin/cc     -o CMakeFiles/cmTC_8955b.dir/testCCompiler.c.o   -c /Users/chen/Downloads/cs488/shared/glfw-3.1.1/build/CMakeFiles/CMakeTmp/testCCompiler.c
Linking C executable cmTC_8955b
/usr/local/Cellar/cmake/3.4.1/bin/cmake -E cmake_link_script CMakeFiles/cmTC_8955b.dir/link.txt --verbose=1
/Applications/Xcode.app/Contents/Developer/Toolchains/OSX10.11.xctoolchain/usr/bin/cc    -Wl,-search_paths_first -Wl,-headerpad_max_install_names   CMakeFiles/cmTC_8955b.dir/testCCompiler.c.o  -o cmTC_8955b  


Detecting C compiler ABI info compiled with the following output:
Change Dir: /Users/chen/Downloads/cs488/shared/glfw-3.1.1/build/CMakeFiles/CMakeTmp

Run Build Command:"/usr/bin/make" "cmTC_5b474/fast"
/Applications/Xcode.app/Contents/Developer/usr/bin/make -f CMakeFiles/cmTC_5b474.dir/build.make CMakeFiles/cmTC_5b474.dir/build
Building C object CMakeFiles/cmTC_5b474.dir/CMakeCCompilerABI.c.o
/Applications/Xcode.app/Contents/Developer/Toolchains/OSX10.11.xctoolchain/usr/bin/cc     -o CMakeFiles/cmTC_5b474.dir/CMakeCCompilerABI.c.o   -c /usr/local/Cellar/cmake/3.4.1/share/cmake/Modules/CMakeCCompilerABI.c
Linking C executable cmTC_5b474
/usr/local/Cellar/cmake/3.4.1/bin/cmake -E cmake_link_script CMakeFiles/cmTC_5b474.dir/link.txt --verbose=1
/Applications/Xcode.app/Contents/Developer/Toolchains/OSX10.11.xctoolchain/usr/bin/cc    -Wl,-search_paths_first -Wl,-headerpad_max_install_names  -v -Wl,-v CMakeFiles/cmTC_5b474.dir/CMakeCCompilerABI.c.o  -o cmTC_5b474   
Apple LLVM version 7.0.0 (clang-700.0.59.5)
Target: x86_64-apple-darwin15.2.0
Thread model: posix
 "/Applications/Xcode.app/Contents/Developer/Toolchains/OSX10.11.xctoolchain/usr/bin/ld" -demangle -dynamic -arch x86_64 -macosx_version_min 10.11.0 -o cmTC_5b474 -search_paths_first -headerpad_max_install_names -v CMakeFiles/cmTC_5b474.dir/CMakeCCompilerABI.c.o -lSystem /Applications/Xcode.app/Contents/Developer/Toolchains/OSX10.11.xctoolchain/usr/bin/../lib/clang/7.0.0/lib/darwin/libclang_rt.osx.a
@(#)PROGRAM:ld  PROJECT:ld64-251
configured to support archs: i386 x86_64 x86_64h
Library search paths:
	/usr/lib
	/usr/local/lib
Framework search paths:
	/Library/Frameworks/
	/System/Library/Frameworks/


Parsed C implicit link information from above output:
  link line regex: [^( *|.*[/\])(ld|([^/\]+-)?ld|collect2)[^/\]*( |$)]
  ignore line: [Change Dir: /Users/chen/Downloads/cs488/shared/glfw-3.1.1/build/CMakeFiles/CMakeTmp]
  ignore line: []
  ignore line: [Run Build Command:"/usr/bin/make" "cmTC_5b474/fast"]
  ignore line: [/Applications/Xcode.app/Contents/Developer/usr/bin/make -f CMakeFiles/cmTC_5b474.dir/build.make CMakeFiles/cmTC_5b474.dir/build]
  ignore line: [Building C object CMakeFiles/cmTC_5b474.dir/CMakeCCompilerABI.c.o]
  ignore line: [/Applications/Xcode.app/Contents/Developer/Toolchains/OSX10.11.xctoolchain/usr/bin/cc     -o CMakeFiles/cmTC_5b474.dir/CMakeCCompilerABI.c.o   -c /usr/local/Cellar/cmake/3.4.1/share/cmake/Modules/CMakeCCompilerABI.c]
  ignore line: [Linking C executable cmTC_5b474]
  ignore line: [/usr/local/Cellar/cmake/3.4.1/bin/cmake -E cmake_link_script CMakeFiles/cmTC_5b474.dir/link.txt --verbose=1]
  ignore line: [/Applications/Xcode.app/Contents/Developer/Toolchains/OSX10.11.xctoolchain/usr/bin/cc    -Wl,-search_paths_first -Wl,-headerpad_max_install_names  -v -Wl,-v CMakeFiles/cmTC_5b474.dir/CMakeCCompilerABI.c.o  -o cmTC_5b474   ]
  ignore line: [Apple LLVM version 7.0.0 (clang-700.0.59.5)]
  ignore line: [Target: x86_64-apple-darwin15.2.0]
  ignore line: [Thread model: posix]
  link line: [ "/Applications/Xcode.app/Contents/Developer/Toolchains/OSX10.11.xctoolchain/usr/bin/ld" -demangle -dynamic -arch x86_64 -macosx_version_min 10.11.0 -o cmTC_5b474 -search_paths_first -headerpad_max_install_names -v CMakeFiles/cmTC_5b474.dir/CMakeCCompilerABI.c.o -lSystem /Applications/Xcode.app/Contents/Developer/Toolchains/OSX10.11.xctoolchain/usr/bin/../lib/clang/7.0.0/lib/darwin/libclang_rt.osx.a]
    arg [/Applications/Xcode.app/Contents/Developer/Toolchains/OSX10.11.xctoolchain/usr/bin/ld] ==> ignore
    arg [-demangle] ==> ignore
    arg [-dynamic] ==> ignore
    arg [-arch] ==> ignore
    arg [x86_64] ==> ignore
    arg [-macosx_version_min] ==> ignore
    arg [10.11.0] ==> ignore
    arg [-o] ==> ignore
    arg [cmTC_5b474] ==> ignore
    arg [-search_paths_first] ==> ignore
    arg [-headerpad_max_install_names] ==> ignore
    arg [-v] ==> ignore
    arg [CMakeFiles/cmTC_5b474.dir/CMakeCCompilerABI.c.o] ==> ignore
    arg [-lSystem] ==> lib [System]
    arg [/Applications/Xcode.app/Contents/Developer/Toolchains/OSX10.11.xctoolchain/usr/bin/../lib/clang/7.0.0/lib/darwin/libclang_rt.osx.a] ==> lib [/Applications/Xcode.app/Contents/Developer/Toolchains/OSX10.11.xctoolchain/usr/bin/../lib/clang/7.0.0/lib/darwin/libclang_rt.osx.a]
  Library search paths: [;/usr/lib;/usr/local/lib]
  Framework search paths: [;/Library/Frameworks/;/System/Library/Frameworks/]
  remove lib [System]
  collapse lib [/Applications/Xcode.app/Contents/Developer/Toolchains/OSX10.11.xctoolchain/usr/bin/../lib/clang/7.0.0/lib/darwin/libclang_rt.osx.a] ==> [/Applications/Xcode.app/Contents/Developer/Toolchains/OSX10.11.xctoolchain/usr/lib/clang/7.0.0/lib/darwin/libclang_rt.osx.a]
  collapse library dir [/usr/lib] ==> [/usr/lib]
  collapse library dir [/usr/local/lib] ==> [/usr/local/lib]
  collapse framework dir [/Library/Frameworks/] ==> [/Library/Frameworks]
  collapse framework dir [/System/Library/Frameworks/] ==> [/System/Library/Frameworks]
  implicit libs: [/Applications/Xcode.app/Contents/Developer/Toolchains/OSX10.11.xctoolchain/usr/lib/clang/7.0.0/lib/darwin/libclang_rt.osx.a]
  implicit dirs: [/usr/lib;/usr/local/lib]
  implicit fwks: [/Library/Frameworks;/System/Library/Frameworks]




Detecting C [-std=c11] compiler features compiled with the following output:
Change Dir: /Users/chen/Downloads/cs488/shared/glfw-3.1.1/build/CMakeFiles/CMakeTmp

Run Build Command:"/usr/bin/make" "cmTC_bd9d8/fast"
/Applications/Xcode.app/Contents/Developer/usr/bin/make -f CMakeFiles/cmTC_bd9d8.dir/build.make CMakeFiles/cmTC_bd9d8.dir/build
Building C object CMakeFiles/cmTC_bd9d8.dir/feature_tests.c.o
/Applications/Xcode.app/Contents/Developer/Toolchains/OSX10.11.xctoolchain/usr/bin/cc    -std=c11 -o CMakeFiles/cmTC_bd9d8.dir/feature_tests.c.o   -c /Users/chen/Downloads/cs488/shared/glfw-3.1.1/build/CMakeFiles/feature_tests.c
Linking C executable cmTC_bd9d8
/usr/local/Cellar/cmake/3.4.1/bin/cmake -E cmake_link_script CMakeFiles/cmTC_bd9d8.dir/link.txt --verbose=1
/Applications/Xcode.app/Contents/Developer/Toolchains/OSX10.11.xctoolchain/usr/bin/cc    -Wl,-search_paths_first -Wl,-headerpad_max_install_names   CMakeFiles/cmTC_bd9d8.dir/feature_tests.c.o  -o cmTC_bd9d8  


    Feature record: C_FEATURE:1c_function_prototypes
    Feature record: C_FEATURE:1c_restrict
    Feature record: C_FEATURE:1c_static_assert
    Feature record: C_FEATURE:1c_variadic_macros


Detecting C [-std=c99] compiler features compiled with the following output:
Change Dir: /Users/chen/Downloads/cs488/shared/glfw-3.1.1/build/CMakeFiles/CMakeTmp

Run Build Command:"/usr/bin/make" "cmTC_d1ae4/fast"
/Applications/Xcode.app/Contents/Developer/usr/bin/make -f CMakeFiles/cmTC_d1ae4.dir/build.make CMakeFiles/cmTC_d1ae4.dir/build
Building C object CMakeFiles/cmTC_d1ae4.dir/feature_tests.c.o
/Applications/Xcode.app/Contents/Developer/Toolchains/OSX10.11.xctoolchain/usr/bin/cc    -std=c99 -o CMakeFiles/cmTC_d1ae4.dir/feature_tests.c.o   -c /Users/chen/Downloads/cs488/shared/glfw-3.1.1/build/CMakeFiles/feature_tests.c
Linking C executable cmTC_d1ae4
/usr/local/Cellar/cmake/3.4.1/bin/cmake -E cmake_link_script CMakeFiles/cmTC_d1ae4.dir/link.txt --verbose=1
/Applications/Xcode.app/Contents/Developer/Toolchains/OSX10.11.xctoolchain/usr/bin/cc    -Wl,-search_paths_first -Wl,-headerpad_max_install_names   CMakeFiles/cmTC_d1ae4.dir/feature_tests.c.o  -o cmTC_d1ae4  


    Feature record: C_FEATURE:1c_function_prototypes
    Feature record: C_FEATURE:1c_restrict
    Feature record: C_FEATURE:0c_static_assert
    Feature record: C_FEATURE:1c_variadic_macros


Detecting C [-std=c90] compiler features compiled with the following output:
Change Dir: /Users/chen/Downloads/cs488/shared/glfw-3.1.1/build/CMakeFiles/CMakeTmp

Run Build Command:"/usr/bin/make" "cmTC_8d3fb/fast"
/Applications/Xcode.app/Contents/Developer/usr/bin/make -f CMakeFiles/cmTC_8d3fb.dir/build.make CMakeFiles/cmTC_8d3fb.dir/build
Building C object CMakeFiles/cmTC_8d3fb.dir/feature_tests.c.o
/Applications/Xcode.app/Contents/Developer/Toolchains/OSX10.11.xctoolchain/usr/bin/cc    -std=c90 -o CMakeFiles/cmTC_8d3fb.dir/feature_tests.c.o   -c /Users/chen/Downloads/cs488/shared/glfw-3.1.1/build/CMakeFiles/feature_tests.c
Linking C executable cmTC_8d3fb
/usr/local/Cellar/cmake/3.4.1/bin/cmake -E cmake_link_script CMakeFiles/cmTC_8d3fb.dir/link.txt --verbose=1
/Applications/Xcode.app/Contents/Developer/Toolchains/OSX10.11.xctoolchain/usr/bin/cc    -Wl,-search_paths_first -Wl,-headerpad_max_install_names   CMakeFiles/cmTC_8d3fb.dir/feature_tests.c.o  -o cmTC_8d3fb  


    Feature record: C_FEATURE:1c_function_prototypes
    Feature record: C_FEATURE:0c_restrict
    Feature record: C_FEATURE:0c_static_assert
    Feature record: C_FEATURE:0c_variadic_macros
Determining if the include file pthread.h exists passed with the following output:
Change Dir: /Users/chen/Downloads/cs488/shared/glfw-3.1.1/build/CMakeFiles/CMakeTmp

Run Build Command:"/usr/bin/make" "cmTC_4e387/fast"
/Applications/Xcode.app/Contents/Developer/usr/bin/make -f CMakeFiles/cmTC_4e387.dir/build.make CMakeFiles/cmTC_4e387.dir/build
Building C object CMakeFiles/cmTC_4e387.dir/CheckIncludeFile.c.o
/Applications/Xcode.app/Contents/Developer/Toolchains/OSX10.11.xctoolchain/usr/bin/cc     -o CMakeFiles/cmTC_4e387.dir/CheckIncludeFile.c.o   -c /Users/chen/Downloads/cs488/shared/glfw-3.1.1/build/CMakeFiles/CMakeTmp/CheckIncludeFile.c
Linking C executable cmTC_4e387
/usr/local/Cellar/cmake/3.4.1/bin/cmake -E cmake_link_script CMakeFiles/cmTC_4e387.dir/link.txt --verbose=1
/Applications/Xcode.app/Contents/Developer/Toolchains/OSX10.11.xctoolchain/usr/bin/cc    -Wl,-search_paths_first -Wl,-headerpad_max_install_names   CMakeFiles/cmTC_4e387.dir/CheckIncludeFile.c.o  -o cmTC_4e387  


Determining if the pthread_create exist passed with the following output:
Change Dir: /Users/chen/Downloads/cs488/shared/glfw-3.1.1/build/CMakeFiles/CMakeTmp

Run Build Command:"/usr/bin/make" "cmTC_3ccf3/fast"
/Applications/Xcode.app/Contents/Developer/usr/bin/make -f CMakeFiles/cmTC_3ccf3.dir/build.make CMakeFiles/cmTC_3ccf3.dir/build
Building C object CMakeFiles/cmTC_3ccf3.dir/CheckSymbolExists.c.o
/Applications/Xcode.app/Contents/Developer/Toolchains/OSX10.11.xctoolchain/usr/bin/cc     -o CMakeFiles/cmTC_3ccf3.dir/CheckSymbolExists.c.o   -c /Users/chen/Downloads/cs488/shared/glfw-3.1.1/build/CMakeFiles/CMakeTmp/CheckSymbolExists.c
Linking C executable cmTC_3ccf3
/usr/local/Cellar/cmake/3.4.1/bin/cmake -E cmake_link_script CMakeFiles/cmTC_3ccf3.dir/link.txt --verbose=1
/Applications/Xcode.app/Contents/Developer/Toolchains/OSX10.11.xctoolchain/usr/bin/cc    -Wl,-search_paths_first -Wl,-headerpad_max_install_names   CMakeFiles/cmTC_3ccf3.dir/CheckSymbolExists.c.o  -o cmTC_3ccf3  

File /Users/chen/Downloads/cs488/shared/glfw-3.1.1/build/CMakeFiles/CMakeTmp/CheckSymbolExists.c:
/* */
#include <pthread.h>

int main(int argc, char** argv)
{
  (void)argv;
#ifndef pthread_create
  return ((int*)(&pthread_create))[argc];
#else
  (void)argc;
  return 0;
#endif
}

